d:\程式\monopoly\monopoly\monopoly\debug\vc141.pdb
d:\程式\monopoly\monopoly\monopoly\debug\vc141.idb
d:\程式\monopoly\monopoly\monopoly\debug\object.obj
d:\程式\monopoly\monopoly\monopoly\debug\mananger.obj
d:\程式\monopoly\monopoly\monopoly\debug\main.obj
d:\程式\monopoly\monopoly\monopoly\debug\keyboard.obj
d:\程式\monopoly\monopoly\monopoly\debug\display.obj
d:\程式\monopoly\monopoly\monopoly\debug\canvas.obj
d:\程式\monopoly\monopoly\debug\monopoly.exe
d:\程式\monopoly\monopoly\debug\monopoly.ilk
d:\程式\monopoly\monopoly\debug\monopoly.pdb
d:\程式\monopoly\monopoly\monopoly\debug\canvas.obj.enc
d:\程式\monopoly\monopoly\monopoly\debug\main.obj.enc
d:\程式\monopoly\monopoly\monopoly\debug\mananger.obj.enc
d:\程式\monopoly\monopoly\monopoly\debug\object.obj.enc
d:\程式\monopoly\monopoly\monopoly\debug\monopoly.tlog\cl.command.1.tlog
d:\程式\monopoly\monopoly\monopoly\debug\monopoly.tlog\cl.read.1.tlog
d:\程式\monopoly\monopoly\monopoly\debug\monopoly.tlog\cl.write.1.tlog
d:\程式\monopoly\monopoly\monopoly\debug\monopoly.tlog\link.command.1.tlog
d:\程式\monopoly\monopoly\monopoly\debug\monopoly.tlog\link.read.1.tlog
d:\程式\monopoly\monopoly\monopoly\debug\monopoly.tlog\link.write.1.tlog
